[2022-04-25 17:01:01.669 +05:30  INF]  Now listening on: https://localhost:7227
[2022-04-25 17:01:01.695 +05:30  INF]  Now listening on: http://localhost:5286
[2022-04-25 17:01:01.698 +05:30  INF]  Application started. Press Ctrl+C to shut down.
[2022-04-25 17:01:01.698 +05:30  INF]  Hosting environment: Development
[2022-04-25 17:01:01.698 +05:30  INF]  Content root path: E:\Arul\Department\
[2022-04-25 17:01:18.513 +05:30  INF]  Request starting HTTP/2 GET https://localhost:7227/ - -
[2022-04-25 17:01:18.599 +05:30  INF]  Request finished HTTP/2 GET https://localhost:7227/ - - - 404 0 - 92.5944ms
[2022-04-25 17:01:25.588 +05:30  INF]  Request starting HTTP/2 GET https://localhost:7227/swagger - -
[2022-04-25 17:01:25.594 +05:30  INF]  Request finished HTTP/2 GET https://localhost:7227/swagger - - - 301 0 - 5.6209ms
[2022-04-25 17:01:25.601 +05:30  INF]  Request starting HTTP/2 GET https://localhost:7227/swagger/index.html - -
[2022-04-25 17:01:25.655 +05:30  INF]  Request finished HTTP/2 GET https://localhost:7227/swagger/index.html - - - 200 - text/html;charset=utf-8 54.5577ms
[2022-04-25 17:01:25.675 +05:30  INF]  Request starting HTTP/2 GET https://localhost:7227/swagger/swagger-ui.css - -
[2022-04-25 17:01:25.679 +05:30  INF]  Request starting HTTP/2 GET https://localhost:7227/swagger/swagger-ui-bundle.js - -
[2022-04-25 17:01:25.679 +05:30  INF]  Request starting HTTP/2 GET https://localhost:7227/swagger/swagger-ui-standalone-preset.js - -
[2022-04-25 17:01:25.708 +05:30  INF]  Sending file. Request path: '/swagger-ui-standalone-preset.js'. Physical path: 'N/A'
[2022-04-25 17:01:25.708 +05:30  INF]  Sending file. Request path: '/swagger-ui.css'. Physical path: 'N/A'
[2022-04-25 17:01:25.709 +05:30  INF]  Sending file. Request path: '/swagger-ui-bundle.js'. Physical path: 'N/A'
[2022-04-25 17:01:25.710 +05:30  INF]  Request finished HTTP/2 GET https://localhost:7227/swagger/swagger-ui.css - - - 200 143632 text/css 35.0246ms
[2022-04-25 17:01:25.710 +05:30  INF]  Request finished HTTP/2 GET https://localhost:7227/swagger/swagger-ui-standalone-preset.js - - - 200 337162 application/javascript 30.7165ms
[2022-04-25 17:01:25.710 +05:30  INF]  Request finished HTTP/2 GET https://localhost:7227/swagger/swagger-ui-bundle.js - - - 200 1092889 application/javascript 30.9616ms
[2022-04-25 17:01:25.903 +05:30  INF]  Request starting HTTP/2 GET https://localhost:7227/swagger/v1/swagger.json - -
[2022-04-25 17:01:25.983 +05:30  INF]  Request finished HTTP/2 GET https://localhost:7227/swagger/v1/swagger.json - - - 200 - application/json;charset=utf-8 80.2166ms
[2022-04-25 17:01:43.646 +05:30  INF]  Request starting HTTP/2 GET https://localhost:7227/api/Department - -
[2022-04-25 17:01:43.651 +05:30  INF]  Executing endpoint 'Department.Controllers.DepartmentController.GetDepartment (Department)'
[2022-04-25 17:01:43.664 +05:30  INF]  Route matched with {action = "GetDepartment", controller = "Department"}. Executing controller action with signature System.String[] GetDepartment() on controller Department.Controllers.DepartmentController (Department).
[2022-04-25 17:01:43.666 +05:30  INF]  Executing ObjectResult, writing value of type 'System.String[]'.
[2022-04-25 17:01:43.674 +05:30  INF]  Executed action Department.Controllers.DepartmentController.GetDepartment (Department) in 4.155ms
[2022-04-25 17:01:43.675 +05:30  INF]  Executed endpoint 'Department.Controllers.DepartmentController.GetDepartment (Department)'
[2022-04-25 17:01:43.676 +05:30  INF]  Request finished HTTP/2 GET https://localhost:7227/api/Department - - - 200 - application/json;+charset=utf-8 29.8386ms
[2022-04-25 17:02:30.372 +05:30  INF]  Request starting HTTP/2 GET https://localhost:7227/swagger/index.html - -
[2022-04-25 17:02:30.374 +05:30  INF]  Request finished HTTP/2 GET https://localhost:7227/swagger/index.html - - - 200 - text/html;charset=utf-8 1.3034ms
[2022-04-25 17:02:30.386 +05:30  INF]  Request starting HTTP/2 GET https://localhost:7227/swagger/swagger-ui.css - -
[2022-04-25 17:02:30.388 +05:30  INF]  Sending file. Request path: '/swagger-ui.css'. Physical path: 'N/A'
[2022-04-25 17:02:30.388 +05:30  INF]  Request finished HTTP/2 GET https://localhost:7227/swagger/swagger-ui.css - - - 200 143632 text/css 1.9320ms
[2022-04-25 17:02:30.455 +05:30  INF]  Request starting HTTP/2 GET https://localhost:7227/swagger/v1/swagger.json - -
[2022-04-25 17:02:30.459 +05:30  INF]  Request finished HTTP/2 GET https://localhost:7227/swagger/v1/swagger.json - - - 200 - application/json;charset=utf-8 3.7410ms
[2022-04-25 17:02:30.464 +05:30  INF]  Request starting HTTP/2 GET https://localhost:7227/swagger/favicon-32x32.png - -
[2022-04-25 17:02:30.464 +05:30  INF]  Sending file. Request path: '/favicon-32x32.png'. Physical path: 'N/A'
[2022-04-25 17:02:30.465 +05:30  INF]  Request finished HTTP/2 GET https://localhost:7227/swagger/favicon-32x32.png - - - 200 628 image/png 0.4284ms
[2022-04-25 17:02:34.818 +05:30  INF]  Request starting HTTP/2 GET https://localhost:7227/WeatherForecast - -
[2022-04-25 17:02:34.818 +05:30  INF]  Executing endpoint 'CoreMVC.Controllers.WeatherForecastController.Get (Department)'
[2022-04-25 17:02:34.820 +05:30  INF]  Route matched with {action = "Get", controller = "WeatherForecast"}. Executing controller action with signature System.Collections.Generic.IEnumerable`1[CoreMVC.WeatherForecast] Get() on controller CoreMVC.Controllers.WeatherForecastController (Department).
[2022-04-25 17:02:34.821 +05:30  INF]  Executing ObjectResult, writing value of type 'CoreMVC.WeatherForecast[]'.
[2022-04-25 17:02:34.828 +05:30  INF]  Executed action CoreMVC.Controllers.WeatherForecastController.Get (Department) in 7.7624ms
[2022-04-25 17:02:34.828 +05:30  INF]  Executed endpoint 'CoreMVC.Controllers.WeatherForecastController.Get (Department)'
[2022-04-25 17:02:34.828 +05:30  INF]  Request finished HTTP/2 GET https://localhost:7227/WeatherForecast - - - 200 - application/json;+charset=utf-8 10.1980ms
[2022-04-25 17:03:05.911 +05:30  INF]  Application is shutting down...
[2022-04-25 17:03:10.950 +05:30  INF]  Now listening on: https://localhost:7227
[2022-04-25 17:03:10.978 +05:30  INF]  Now listening on: http://localhost:5286
[2022-04-25 17:03:10.981 +05:30  INF]  Application started. Press Ctrl+C to shut down.
[2022-04-25 17:03:10.982 +05:30  INF]  Hosting environment: Development
[2022-04-25 17:03:10.982 +05:30  INF]  Content root path: E:\Arul\Department\
[2022-04-25 17:03:18.679 +05:30  INF]  Request starting HTTP/2 GET https://localhost:7227/swagger/index.html - -
[2022-04-25 17:03:18.775 +05:30  INF]  Request finished HTTP/2 GET https://localhost:7227/swagger/index.html - - - 200 - text/html;charset=utf-8 97.7727ms
[2022-04-25 17:03:18.788 +05:30  INF]  Request starting HTTP/2 GET https://localhost:7227/swagger/swagger-ui.css - -
[2022-04-25 17:03:18.802 +05:30  INF]  Sending file. Request path: '/swagger-ui.css'. Physical path: 'N/A'
[2022-04-25 17:03:18.803 +05:30  INF]  Request finished HTTP/2 GET https://localhost:7227/swagger/swagger-ui.css - - - 200 143632 text/css 14.3348ms
[2022-04-25 17:03:18.864 +05:30  INF]  Request starting HTTP/2 GET https://localhost:7227/swagger/v1/swagger.json - -
[2022-04-25 17:03:18.872 +05:30  INF]  Request starting HTTP/2 GET https://localhost:7227/swagger/favicon-32x32.png - -
[2022-04-25 17:03:18.873 +05:30  INF]  Sending file. Request path: '/favicon-32x32.png'. Physical path: 'N/A'
[2022-04-25 17:03:18.879 +05:30  INF]  Request finished HTTP/2 GET https://localhost:7227/swagger/favicon-32x32.png - - - 200 628 image/png 6.2676ms
[2022-04-25 17:03:18.944 +05:30  INF]  Request finished HTTP/2 GET https://localhost:7227/swagger/v1/swagger.json - - - 200 - application/json;charset=utf-8 80.2845ms
[2022-04-25 17:03:20.483 +05:30  INF]  Request starting HTTP/2 GET https://localhost:7227/swagger/index.html - -
[2022-04-25 17:03:20.484 +05:30  INF]  Request finished HTTP/2 GET https://localhost:7227/swagger/index.html - - - 200 - text/html;charset=utf-8 1.1166ms
[2022-04-25 17:03:20.591 +05:30  INF]  Request starting HTTP/2 GET https://localhost:7227/swagger/v1/swagger.json - -
[2022-04-25 17:03:20.593 +05:30  INF]  Request finished HTTP/2 GET https://localhost:7227/swagger/v1/swagger.json - - - 200 - application/json;charset=utf-8 2.6145ms
[2022-04-25 17:03:20.596 +05:30  INF]  Request starting HTTP/2 GET https://localhost:7227/swagger/favicon-32x32.png - -
[2022-04-25 17:03:20.596 +05:30  INF]  Sending file. Request path: '/favicon-32x32.png'. Physical path: 'N/A'
[2022-04-25 17:03:20.597 +05:30  INF]  Request finished HTTP/2 GET https://localhost:7227/swagger/favicon-32x32.png - - - 200 628 image/png 0.4346ms
[2022-04-25 17:03:27.586 +05:30  INF]  Request starting HTTP/2 GET https://localhost:7227/WeatherForecast - -
[2022-04-25 17:03:27.591 +05:30  INF]  Executing endpoint 'CoreMVC.Controllers.WeatherForecastController.Get (Department)'
[2022-04-25 17:03:27.602 +05:30  INF]  Route matched with {action = "Get", controller = "WeatherForecast"}. Executing controller action with signature System.Collections.Generic.IEnumerable`1[CoreMVC.WeatherForecast] Get() on controller CoreMVC.Controllers.WeatherForecastController (Department).
[2022-04-25 17:03:27.603 +05:30  INF]  Weather Forecast executing...
[2022-04-25 17:03:27.606 +05:30  INF]  Executing ObjectResult, writing value of type 'CoreMVC.WeatherForecast[]'.
[2022-04-25 17:03:27.616 +05:30  INF]  Executed action CoreMVC.Controllers.WeatherForecastController.Get (Department) in 8.8959ms
[2022-04-25 17:03:27.616 +05:30  INF]  Executed endpoint 'CoreMVC.Controllers.WeatherForecastController.Get (Department)'
[2022-04-25 17:03:27.617 +05:30  INF]  Request finished HTTP/2 GET https://localhost:7227/WeatherForecast - - - 200 - application/json;+charset=utf-8 30.8860ms
[2022-04-25 17:05:45.071 +05:30  INF]  Application is shutting down...
[2022-04-25 17:05:49.085 +05:30  INF]  Now listening on: https://localhost:7227
[2022-04-25 17:05:49.151 +05:30  INF]  Now listening on: http://localhost:5286
[2022-04-25 17:05:49.155 +05:30  INF]  Application started. Press Ctrl+C to shut down.
[2022-04-25 17:05:49.155 +05:30  INF]  Hosting environment: Development
[2022-04-25 17:05:49.155 +05:30  INF]  Content root path: E:\Arul\Department\
[2022-04-25 17:05:59.223 +05:30  INF]  Request starting HTTP/2 GET https://localhost:7227/swagger/index.html - -
[2022-04-25 17:05:59.318 +05:30  INF]  Request finished HTTP/2 GET https://localhost:7227/swagger/index.html - - - 200 - text/html;charset=utf-8 98.0978ms
[2022-04-25 17:05:59.516 +05:30  INF]  Request starting HTTP/2 GET https://localhost:7227/swagger/favicon-32x32.png - -
[2022-04-25 17:05:59.516 +05:30  INF]  Request starting HTTP/2 GET https://localhost:7227/swagger/v1/swagger.json - -
[2022-04-25 17:05:59.529 +05:30  INF]  Sending file. Request path: '/favicon-32x32.png'. Physical path: 'N/A'
[2022-04-25 17:05:59.529 +05:30  INF]  Request finished HTTP/2 GET https://localhost:7227/swagger/favicon-32x32.png - - - 200 628 image/png 13.2526ms
[2022-04-25 17:05:59.590 +05:30  INF]  Request finished HTTP/2 GET https://localhost:7227/swagger/v1/swagger.json - - - 200 - application/json;charset=utf-8 74.0558ms
[2022-04-25 17:06:05.088 +05:30  INF]  Request starting HTTP/2 GET https://localhost:7227/api/Department - -
[2022-04-25 17:06:05.095 +05:30  INF]  Executing endpoint 'Department.Controllers.DepartmentController.GetDepartment (Department)'
[2022-04-25 17:06:05.105 +05:30  INF]  Route matched with {action = "GetDepartment", controller = "Department"}. Executing controller action with signature System.String[] GetDepartment() on controller Department.Controllers.DepartmentController (Department).
[2022-04-25 17:06:05.114 +05:30  INF]  Executed action Department.Controllers.DepartmentController.GetDepartment (Department) in 3.0937ms
[2022-04-25 17:06:05.115 +05:30  INF]  Executed endpoint 'Department.Controllers.DepartmentController.GetDepartment (Department)'
[2022-04-25 17:06:05.118 +05:30  ERR]  An unhandled exception has occurred while executing the request.
System.ArgumentNullException: Value cannot be null. (Parameter 'logger')
   at Microsoft.Extensions.Logging.LoggerExtensions.Log(ILogger logger, LogLevel logLevel, EventId eventId, Exception exception, String message, Object[] args)
   at Microsoft.Extensions.Logging.LoggerExtensions.LogInformation(ILogger logger, String message, Object[] args)
   at Department.Controllers.DepartmentController.GetDepartment() in E:\Arul\Department\Controllers\DepartmentController.cs:line 17
   at lambda_method2(Closure , Object , Object[] )
   at Microsoft.AspNetCore.Mvc.Infrastructure.ActionMethodExecutor.SyncObjectResultExecutor.Execute(IActionResultTypeMapper mapper, ObjectMethodExecutor executor, Object controller, Object[] arguments)
   at Microsoft.AspNetCore.Mvc.Infrastructure.ControllerActionInvoker.InvokeActionMethodAsync()
   at Microsoft.AspNetCore.Mvc.Infrastructure.ControllerActionInvoker.Next(State& next, Scope& scope, Object& state, Boolean& isCompleted)
   at Microsoft.AspNetCore.Mvc.Infrastructure.ControllerActionInvoker.InvokeNextActionFilterAsync()
--- End of stack trace from previous location ---
   at Microsoft.AspNetCore.Mvc.Infrastructure.ControllerActionInvoker.Rethrow(ActionExecutedContextSealed context)
   at Microsoft.AspNetCore.Mvc.Infrastructure.ControllerActionInvoker.Next(State& next, Scope& scope, Object& state, Boolean& isCompleted)
   at Microsoft.AspNetCore.Mvc.Infrastructure.ControllerActionInvoker.InvokeInnerFilterAsync()
--- End of stack trace from previous location ---
   at Microsoft.AspNetCore.Mvc.Infrastructure.ResourceInvoker.<InvokeFilterPipelineAsync>g__Awaited|20_0(ResourceInvoker invoker, Task lastTask, State next, Scope scope, Object state, Boolean isCompleted)
   at Microsoft.AspNetCore.Mvc.Infrastructure.ResourceInvoker.<InvokeAsync>g__Logged|17_1(ResourceInvoker invoker)
   at Microsoft.AspNetCore.Mvc.Infrastructure.ResourceInvoker.<InvokeAsync>g__Logged|17_1(ResourceInvoker invoker)
   at Microsoft.AspNetCore.Routing.EndpointMiddleware.<Invoke>g__AwaitRequestTask|6_0(Endpoint endpoint, Task requestTask, ILogger logger)
   at Microsoft.AspNetCore.Authorization.AuthorizationMiddleware.Invoke(HttpContext context)
   at Swashbuckle.AspNetCore.SwaggerUI.SwaggerUIMiddleware.Invoke(HttpContext httpContext)
   at Swashbuckle.AspNetCore.Swagger.SwaggerMiddleware.Invoke(HttpContext httpContext, ISwaggerProvider swaggerProvider)
   at Microsoft.AspNetCore.Diagnostics.DeveloperExceptionPageMiddleware.Invoke(HttpContext context)
[2022-04-25 17:06:05.172 +05:30  INF]  Request finished HTTP/2 GET https://localhost:7227/api/Department - - - 500 - text/plain;+charset=utf-8 83.8257ms
[2022-04-25 17:09:03.776 +05:30  INF]  Now listening on: https://localhost:7227
[2022-04-25 17:09:03.802 +05:30  INF]  Now listening on: http://localhost:5286
[2022-04-25 17:09:03.805 +05:30  INF]  Application started. Press Ctrl+C to shut down.
[2022-04-25 17:09:03.806 +05:30  INF]  Hosting environment: Development
[2022-04-25 17:09:03.806 +05:30  INF]  Content root path: E:\Arul\Department\
[2022-04-25 17:09:28.234 +05:30  INF]  Request starting HTTP/2 GET https://localhost:7227/swagger/index.html - -
[2022-04-25 17:09:28.344 +05:30  INF]  Request finished HTTP/2 GET https://localhost:7227/swagger/index.html - - - 200 - text/html;charset=utf-8 113.4451ms
[2022-04-25 17:09:28.364 +05:30  INF]  Request starting HTTP/2 GET https://localhost:7227/swagger/swagger-ui-bundle.js - -
[2022-04-25 17:09:28.364 +05:30  INF]  Request starting HTTP/2 GET https://localhost:7227/swagger/swagger-ui-standalone-preset.js - -
[2022-04-25 17:09:28.364 +05:30  INF]  Request starting HTTP/2 GET https://localhost:7227/swagger/swagger-ui.css - -
[2022-04-25 17:09:28.395 +05:30  INF]  Sending file. Request path: '/swagger-ui.css'. Physical path: 'N/A'
[2022-04-25 17:09:28.403 +05:30  INF]  Sending file. Request path: '/swagger-ui-bundle.js'. Physical path: 'N/A'
[2022-04-25 17:09:28.403 +05:30  INF]  Request finished HTTP/2 GET https://localhost:7227/swagger/swagger-ui.css - - - 200 143632 text/css 39.1674ms
[2022-04-25 17:09:28.403 +05:30  INF]  Request finished HTTP/2 GET https://localhost:7227/swagger/swagger-ui-bundle.js - - - 200 1092889 application/javascript 39.2295ms
[2022-04-25 17:09:28.405 +05:30  INF]  Sending file. Request path: '/swagger-ui-standalone-preset.js'. Physical path: 'N/A'
[2022-04-25 17:09:28.406 +05:30  INF]  Request finished HTTP/2 GET https://localhost:7227/swagger/swagger-ui-standalone-preset.js - - - 200 337162 application/javascript 42.3976ms
[2022-04-25 17:09:28.632 +05:30  INF]  Request starting HTTP/2 GET https://localhost:7227/swagger/v1/swagger.json - -
[2022-04-25 17:09:28.719 +05:30  INF]  Request finished HTTP/2 GET https://localhost:7227/swagger/v1/swagger.json - - - 200 - application/json;charset=utf-8 87.4728ms
[2022-04-25 17:21:23.856 +05:30  INF]  Application is shutting down...
[2022-04-25 17:21:29.528 +05:30  INF]  Now listening on: https://localhost:7227
[2022-04-25 17:21:29.556 +05:30  INF]  Now listening on: http://localhost:5286
[2022-04-25 17:21:29.559 +05:30  INF]  Application started. Press Ctrl+C to shut down.
[2022-04-25 17:21:29.559 +05:30  INF]  Hosting environment: Development
[2022-04-25 17:21:29.559 +05:30  INF]  Content root path: E:\Arul\Department\
[2022-04-25 17:21:36.131 +05:30  INF]  Request starting HTTP/2 GET https://localhost:7227/ - -
[2022-04-25 17:21:36.203 +05:30  INF]  Request finished HTTP/2 GET https://localhost:7227/ - - - 404 0 - 82.1310ms
[2022-04-25 17:21:41.243 +05:30  INF]  Request starting HTTP/2 GET https://localhost:7227/swagger - -
[2022-04-25 17:21:41.249 +05:30  INF]  Request finished HTTP/2 GET https://localhost:7227/swagger - - - 301 0 - 6.1154ms
[2022-04-25 17:21:41.252 +05:30  INF]  Request starting HTTP/2 GET https://localhost:7227/swagger/index.html - -
[2022-04-25 17:21:41.308 +05:30  INF]  Request finished HTTP/2 GET https://localhost:7227/swagger/index.html - - - 200 - text/html;charset=utf-8 56.2833ms
[2022-04-25 17:21:41.330 +05:30  INF]  Request starting HTTP/2 GET https://localhost:7227/swagger/swagger-ui.css - -
[2022-04-25 17:21:41.332 +05:30  INF]  Request starting HTTP/2 GET https://localhost:7227/swagger/swagger-ui-bundle.js - -
[2022-04-25 17:21:41.332 +05:30  INF]  Request starting HTTP/2 GET https://localhost:7227/swagger/swagger-ui-standalone-preset.js - -
[2022-04-25 17:21:41.369 +05:30  INF]  Sending file. Request path: '/swagger-ui-bundle.js'. Physical path: 'N/A'
[2022-04-25 17:21:41.369 +05:30  INF]  Sending file. Request path: '/swagger-ui.css'. Physical path: 'N/A'
[2022-04-25 17:21:41.369 +05:30  INF]  Sending file. Request path: '/swagger-ui-standalone-preset.js'. Physical path: 'N/A'
[2022-04-25 17:21:41.371 +05:30  INF]  Request finished HTTP/2 GET https://localhost:7227/swagger/swagger-ui-standalone-preset.js - - - 200 337162 application/javascript 38.4186ms
[2022-04-25 17:21:41.371 +05:30  INF]  Request finished HTTP/2 GET https://localhost:7227/swagger/swagger-ui-bundle.js - - - 200 1092889 application/javascript 39.0671ms
[2022-04-25 17:21:41.371 +05:30  INF]  Request finished HTTP/2 GET https://localhost:7227/swagger/swagger-ui.css - - - 200 143632 text/css 41.4971ms
[2022-04-25 17:21:41.547 +05:30  INF]  Request starting HTTP/2 GET https://localhost:7227/swagger/v1/swagger.json - -
[2022-04-25 17:21:41.631 +05:30  INF]  Request finished HTTP/2 GET https://localhost:7227/swagger/v1/swagger.json - - - 200 - application/json;charset=utf-8 84.1793ms
[2022-04-25 17:22:40.824 +05:30  INF]  Request starting HTTP/2 GET https://localhost:7227/WeatherForecast - -
[2022-04-25 17:22:40.830 +05:30  INF]  Executing endpoint 'CoreMVC.Controllers.WeatherForecastController.Get (Department)'
[2022-04-25 17:22:40.844 +05:30  INF]  Route matched with {action = "Get", controller = "WeatherForecast"}. Executing controller action with signature System.Collections.Generic.IEnumerable`1[CoreMVC.WeatherForecast] Get() on controller CoreMVC.Controllers.WeatherForecastController (Department).
[2022-04-25 17:22:40.845 +05:30  INF]  Weather Forecast executing...
[2022-04-25 17:22:40.848 +05:30  INF]  Executing ObjectResult, writing value of type 'CoreMVC.WeatherForecast[]'.
[2022-04-25 17:22:40.857 +05:30  INF]  Executed action CoreMVC.Controllers.WeatherForecastController.Get (Department) in 7.6091ms
[2022-04-25 17:22:40.858 +05:30  INF]  Executed endpoint 'CoreMVC.Controllers.WeatherForecastController.Get (Department)'
[2022-04-25 17:22:40.858 +05:30  INF]  Request finished HTTP/2 GET https://localhost:7227/WeatherForecast - - - 200 - application/json;+charset=utf-8 34.1332ms
[2022-04-25 17:24:31.591 +05:30  INF]  Application is shutting down...
[2022-04-25 17:24:36.117 +05:30  INF]  Now listening on: https://localhost:7227
[2022-04-25 17:24:36.141 +05:30  INF]  Now listening on: http://localhost:5286
[2022-04-25 17:24:36.144 +05:30  INF]  Application started. Press Ctrl+C to shut down.
[2022-04-25 17:24:36.145 +05:30  INF]  Hosting environment: Development
[2022-04-25 17:24:36.145 +05:30  INF]  Content root path: E:\Arul\Department\
[2022-04-25 17:24:57.598 +05:30  INF]  Request starting HTTP/2 GET https://localhost:7227/swagger/index.html - -
[2022-04-25 17:24:57.692 +05:30  INF]  Request finished HTTP/2 GET https://localhost:7227/swagger/index.html - - - 200 - text/html;charset=utf-8 97.0241ms
[2022-04-25 17:24:57.706 +05:30  INF]  Request starting HTTP/2 GET https://localhost:7227/swagger/swagger-ui.css - -
[2022-04-25 17:24:57.724 +05:30  INF]  Sending file. Request path: '/swagger-ui.css'. Physical path: 'N/A'
[2022-04-25 17:24:57.725 +05:30  INF]  Request finished HTTP/2 GET https://localhost:7227/swagger/swagger-ui.css - - - 200 143632 text/css 18.8532ms
[2022-04-25 17:24:57.905 +05:30  INF]  Request starting HTTP/2 GET https://localhost:7227/swagger/v1/swagger.json - -
[2022-04-25 17:24:57.914 +05:30  INF]  Request starting HTTP/2 GET https://localhost:7227/swagger/favicon-32x32.png - -
[2022-04-25 17:24:57.915 +05:30  INF]  Sending file. Request path: '/favicon-32x32.png'. Physical path: 'N/A'
[2022-04-25 17:24:57.915 +05:30  INF]  Request finished HTTP/2 GET https://localhost:7227/swagger/favicon-32x32.png - - - 200 628 image/png 0.6828ms
[2022-04-25 17:24:57.992 +05:30  INF]  Request finished HTTP/2 GET https://localhost:7227/swagger/v1/swagger.json - - - 200 - application/json;charset=utf-8 87.0950ms
[2022-04-25 17:25:05.826 +05:30  INF]  Request starting HTTP/2 GET https://localhost:7227/swagger/index.html - -
[2022-04-25 17:25:05.827 +05:30  INF]  Request finished HTTP/2 GET https://localhost:7227/swagger/index.html - - - 200 - text/html;charset=utf-8 0.6022ms
[2022-04-25 17:25:05.837 +05:30  INF]  Request starting HTTP/2 GET https://localhost:7227/swagger/swagger-ui.css - -
[2022-04-25 17:25:05.843 +05:30  INF]  Sending file. Request path: '/swagger-ui.css'. Physical path: 'N/A'
[2022-04-25 17:25:05.843 +05:30  INF]  Request finished HTTP/2 GET https://localhost:7227/swagger/swagger-ui.css - - - 200 143632 text/css 6.5052ms
[2022-04-25 17:25:05.943 +05:30  INF]  Request starting HTTP/2 GET https://localhost:7227/swagger/v1/swagger.json - -
[2022-04-25 17:25:05.944 +05:30  INF]  Request finished HTTP/2 GET https://localhost:7227/swagger/v1/swagger.json - - - 200 - application/json;charset=utf-8 1.8614ms
[2022-04-25 17:25:05.947 +05:30  INF]  Request starting HTTP/2 GET https://localhost:7227/swagger/favicon-32x32.png - -
[2022-04-25 17:25:05.948 +05:30  INF]  Sending file. Request path: '/favicon-32x32.png'. Physical path: 'N/A'
[2022-04-25 17:25:05.948 +05:30  INF]  Request finished HTTP/2 GET https://localhost:7227/swagger/favicon-32x32.png - - - 200 628 image/png 0.5505ms
[2022-04-25 17:25:06.064 +05:30  INF]  Request starting HTTP/2 GET https://localhost:7227/swagger/index.html - -
[2022-04-25 17:25:06.065 +05:30  INF]  Request finished HTTP/2 GET https://localhost:7227/swagger/index.html - - - 200 - text/html;charset=utf-8 0.4812ms
[2022-04-25 17:25:06.132 +05:30  INF]  Request starting HTTP/2 GET https://localhost:7227/swagger/v1/swagger.json - -
[2022-04-25 17:25:06.134 +05:30  INF]  Request finished HTTP/2 GET https://localhost:7227/swagger/v1/swagger.json - - - 200 - application/json;charset=utf-8 2.1583ms
[2022-04-25 17:25:06.139 +05:30  INF]  Request starting HTTP/2 GET https://localhost:7227/swagger/favicon-32x32.png - -
[2022-04-25 17:25:06.140 +05:30  INF]  Sending file. Request path: '/favicon-32x32.png'. Physical path: 'N/A'
[2022-04-25 17:25:06.140 +05:30  INF]  Request finished HTTP/2 GET https://localhost:7227/swagger/favicon-32x32.png - - - 200 628 image/png 1.6525ms
[2022-04-25 17:25:06.232 +05:30  INF]  Request starting HTTP/2 GET https://localhost:7227/swagger/index.html - -
[2022-04-25 17:25:06.233 +05:30  INF]  Request finished HTTP/2 GET https://localhost:7227/swagger/index.html - - - 200 - text/html;charset=utf-8 0.4725ms
[2022-04-25 17:25:06.297 +05:30  INF]  Request starting HTTP/2 GET https://localhost:7227/swagger/v1/swagger.json - -
[2022-04-25 17:25:06.299 +05:30  INF]  Request finished HTTP/2 GET https://localhost:7227/swagger/v1/swagger.json - - - 200 - application/json;charset=utf-8 1.5362ms
[2022-04-25 17:25:06.309 +05:30  INF]  Request starting HTTP/2 GET https://localhost:7227/swagger/favicon-32x32.png - -
[2022-04-25 17:25:06.310 +05:30  INF]  Sending file. Request path: '/favicon-32x32.png'. Physical path: 'N/A'
[2022-04-25 17:25:06.310 +05:30  INF]  Request finished HTTP/2 GET https://localhost:7227/swagger/favicon-32x32.png - - - 200 628 image/png 0.3686ms
[2022-04-25 17:25:06.425 +05:30  INF]  Request starting HTTP/2 GET https://localhost:7227/swagger/index.html - -
[2022-04-25 17:25:06.426 +05:30  INF]  Request finished HTTP/2 GET https://localhost:7227/swagger/index.html - - - 200 - text/html;charset=utf-8 0.4373ms
[2022-04-25 17:25:06.489 +05:30  INF]  Request starting HTTP/2 GET https://localhost:7227/swagger/v1/swagger.json - -
[2022-04-25 17:25:06.494 +05:30  INF]  Request finished HTTP/2 GET https://localhost:7227/swagger/v1/swagger.json - - - 200 - application/json;charset=utf-8 5.4003ms
[2022-04-25 17:25:06.499 +05:30  INF]  Request starting HTTP/2 GET https://localhost:7227/swagger/favicon-32x32.png - -
[2022-04-25 17:25:06.501 +05:30  INF]  Sending file. Request path: '/favicon-32x32.png'. Physical path: 'N/A'
[2022-04-25 17:25:06.501 +05:30  INF]  Request finished HTTP/2 GET https://localhost:7227/swagger/favicon-32x32.png - - - 200 628 image/png 2.0100ms
[2022-04-25 17:25:06.584 +05:30  INF]  Request starting HTTP/2 GET https://localhost:7227/swagger/index.html - -
[2022-04-25 17:25:06.585 +05:30  INF]  Request finished HTTP/2 GET https://localhost:7227/swagger/index.html - - - 200 - text/html;charset=utf-8 0.4306ms
[2022-04-25 17:25:06.644 +05:30  INF]  Request starting HTTP/2 GET https://localhost:7227/swagger/v1/swagger.json - -
[2022-04-25 17:25:06.645 +05:30  INF]  Request finished HTTP/2 GET https://localhost:7227/swagger/v1/swagger.json - - - 200 - application/json;charset=utf-8 1.3889ms
[2022-04-25 17:25:06.649 +05:30  INF]  Request starting HTTP/2 GET https://localhost:7227/swagger/favicon-32x32.png - -
[2022-04-25 17:25:06.650 +05:30  INF]  Sending file. Request path: '/favicon-32x32.png'. Physical path: 'N/A'
[2022-04-25 17:25:06.651 +05:30  INF]  Request finished HTTP/2 GET https://localhost:7227/swagger/favicon-32x32.png - - - 200 628 image/png 1.4384ms
[2022-04-25 17:25:06.768 +05:30  INF]  Request starting HTTP/2 GET https://localhost:7227/swagger/index.html - -
[2022-04-25 17:25:06.769 +05:30  INF]  Request finished HTTP/2 GET https://localhost:7227/swagger/index.html - - - 200 - text/html;charset=utf-8 0.4001ms
[2022-04-25 17:25:06.830 +05:30  INF]  Request starting HTTP/2 GET https://localhost:7227/swagger/v1/swagger.json - -
[2022-04-25 17:25:06.833 +05:30  INF]  Request finished HTTP/2 GET https://localhost:7227/swagger/v1/swagger.json - - - 200 - application/json;charset=utf-8 3.0788ms
[2022-04-25 17:25:06.845 +05:30  INF]  Request starting HTTP/2 GET https://localhost:7227/swagger/favicon-32x32.png - -
[2022-04-25 17:25:06.846 +05:30  INF]  Sending file. Request path: '/favicon-32x32.png'. Physical path: 'N/A'
[2022-04-25 17:25:06.846 +05:30  INF]  Request finished HTTP/2 GET https://localhost:7227/swagger/favicon-32x32.png - - - 200 628 image/png 0.2911ms
[2022-04-25 17:25:07.142 +05:30  INF]  Request starting HTTP/2 GET https://localhost:7227/swagger/index.html - -
[2022-04-25 17:25:07.144 +05:30  INF]  Request finished HTTP/2 GET https://localhost:7227/swagger/index.html - - - 200 - text/html;charset=utf-8 1.9005ms
[2022-04-25 17:25:07.208 +05:30  INF]  Request starting HTTP/2 GET https://localhost:7227/swagger/v1/swagger.json - -
[2022-04-25 17:25:07.209 +05:30  INF]  Request finished HTTP/2 GET https://localhost:7227/swagger/v1/swagger.json - - - 200 - application/json;charset=utf-8 1.2300ms
[2022-04-25 17:25:07.213 +05:30  INF]  Request starting HTTP/2 GET https://localhost:7227/swagger/favicon-32x32.png - -
[2022-04-25 17:25:07.214 +05:30  INF]  Sending file. Request path: '/favicon-32x32.png'. Physical path: 'N/A'
[2022-04-25 17:25:07.215 +05:30  INF]  Request finished HTTP/2 GET https://localhost:7227/swagger/favicon-32x32.png - - - 200 628 image/png 1.7151ms
[2022-04-25 17:25:07.352 +05:30  INF]  Request starting HTTP/2 GET https://localhost:7227/swagger/index.html - -
[2022-04-25 17:25:07.353 +05:30  INF]  Request finished HTTP/2 GET https://localhost:7227/swagger/index.html - - - 200 - text/html;charset=utf-8 0.3452ms
[2022-04-25 17:25:07.411 +05:30  INF]  Request starting HTTP/2 GET https://localhost:7227/swagger/v1/swagger.json - -
[2022-04-25 17:25:07.412 +05:30  INF]  Request finished HTTP/2 GET https://localhost:7227/swagger/v1/swagger.json - - - 200 - application/json;charset=utf-8 1.1550ms
[2022-04-25 17:25:07.414 +05:30  INF]  Request starting HTTP/2 GET https://localhost:7227/swagger/favicon-32x32.png - -
[2022-04-25 17:25:07.415 +05:30  INF]  Sending file. Request path: '/favicon-32x32.png'. Physical path: 'N/A'
[2022-04-25 17:25:07.416 +05:30  INF]  Request finished HTTP/2 GET https://localhost:7227/swagger/favicon-32x32.png - - - 200 628 image/png 1.1503ms
[2022-04-25 17:25:07.528 +05:30  INF]  Request starting HTTP/2 GET https://localhost:7227/swagger/index.html - -
[2022-04-25 17:25:07.529 +05:30  INF]  Request finished HTTP/2 GET https://localhost:7227/swagger/index.html - - - 200 - text/html;charset=utf-8 0.4079ms
[2022-04-25 17:25:07.584 +05:30  INF]  Request starting HTTP/2 GET https://localhost:7227/swagger/v1/swagger.json - -
[2022-04-25 17:25:07.585 +05:30  INF]  Request finished HTTP/2 GET https://localhost:7227/swagger/v1/swagger.json - - - 200 - application/json;charset=utf-8 1.1757ms
[2022-04-25 17:25:07.588 +05:30  INF]  Request starting HTTP/2 GET https://localhost:7227/swagger/favicon-32x32.png - -
[2022-04-25 17:25:07.588 +05:30  INF]  Sending file. Request path: '/favicon-32x32.png'. Physical path: 'N/A'
[2022-04-25 17:25:07.591 +05:30  INF]  Request finished HTTP/2 GET https://localhost:7227/swagger/favicon-32x32.png - - - 200 628 image/png 2.3144ms
[2022-04-25 17:25:07.715 +05:30  INF]  Request starting HTTP/2 GET https://localhost:7227/swagger/index.html - -
[2022-04-25 17:25:07.715 +05:30  INF]  Request finished HTTP/2 GET https://localhost:7227/swagger/index.html - - - 200 - text/html;charset=utf-8 0.5257ms
[2022-04-25 17:25:07.767 +05:30  INF]  Request starting HTTP/2 GET https://localhost:7227/swagger/v1/swagger.json - -
[2022-04-25 17:25:07.768 +05:30  INF]  Request finished HTTP/2 GET https://localhost:7227/swagger/v1/swagger.json - - - 200 - application/json;charset=utf-8 1.1500ms
[2022-04-25 17:25:07.778 +05:30  INF]  Request starting HTTP/2 GET https://localhost:7227/swagger/favicon-32x32.png - -
[2022-04-25 17:25:07.779 +05:30  INF]  Sending file. Request path: '/favicon-32x32.png'. Physical path: 'N/A'
[2022-04-25 17:25:07.779 +05:30  INF]  Request finished HTTP/2 GET https://localhost:7227/swagger/favicon-32x32.png - - - 200 628 image/png 1.1141ms
[2022-04-25 17:25:13.275 +05:30  INF]  Request starting HTTP/2 GET https://localhost:7227/api/Department - -
[2022-04-25 17:25:13.280 +05:30  INF]  Executing endpoint 'Department.Controllers.DepartmentController.GetDepartment (Department)'
[2022-04-25 17:25:13.292 +05:30  INF]  Route matched with {action = "GetDepartment", controller = "Department"}. Executing controller action with signature System.String[] GetDepartment() on controller Department.Controllers.DepartmentController (Department).
[2022-04-25 17:25:13.293 +05:30  INF]  Department List Is Displaying,..........
[2022-04-25 17:25:13.295 +05:30  INF]  Executing ObjectResult, writing value of type 'System.String[]'.
[2022-04-25 17:25:13.301 +05:30  INF]  Executed action Department.Controllers.DepartmentController.GetDepartment (Department) in 3.9978ms
[2022-04-25 17:25:13.302 +05:30  INF]  Executed endpoint 'Department.Controllers.DepartmentController.GetDepartment (Department)'
[2022-04-25 17:25:13.302 +05:30  INF]  Request finished HTTP/2 GET https://localhost:7227/api/Department - - - 200 - application/json;+charset=utf-8 27.0474ms
[2022-04-25 17:26:32.055 +05:30  INF]  Application is shutting down...
